<?xml version="1.0" encoding="UTF-8"?>
<!-- Generated by org.testng.reporters.JUnitReportReporter -->
<testsuite skipped="0" hostname="EPUAVINW0324" name="runners.TestRunner" tests="2" failures="0" timestamp="05 Apr 2019 10:28:52 GMT" time="52.053" errors="0">
  <testcase name="runScenario" time="25.952" classname="runners.TestRunner"/>
  <testcase name="runScenario" time="26.101" classname="runners.TestRunner"/>
</testsuite> <!-- runners.TestRunner -->
