<?xml version="1.0" encoding="UTF-8"?>
<!-- Generated by org.testng.reporters.JUnitReportReporter -->
<testsuite skipped="0" hostname="EPUAVINW0324" name="runners.TestRunner" tests="2" failures="0" timestamp="05 Apr 2019 14:58:59 GMT" time="60.508" errors="0">
  <testcase name="runScenario" time="25.104" classname="runners.TestRunner"/>
  <testcase name="runScenario" time="35.404" classname="runners.TestRunner"/>
</testsuite> <!-- runners.TestRunner -->
