<?xml version="1.0" encoding="UTF-8"?>
<!-- Generated by org.testng.reporters.JUnitReportReporter -->
<testsuite skipped="0" hostname="EPUAVINW0324" name="runners.TestRunner" tests="2" failures="0" timestamp="04 Apr 2019 09:11:12 GMT" time="50.406" errors="0">
  <testcase name="runScenario" time="26.742" classname="runners.TestRunner"/>
  <testcase name="runScenario" time="23.664" classname="runners.TestRunner"/>
</testsuite> <!-- runners.TestRunner -->
