<?xml version="1.0" encoding="UTF-8"?>
<!-- Generated by org.testng.reporters.JUnitReportReporter -->
<testsuite skipped="0" hostname="EPUAVINW0324" name="tests.BookingSignIn" tests="2" failures="0" timestamp="19 Mar 2019 09:12:17 GMT" time="48.775" errors="0">
  <testcase name="signInTest" time="22.321" classname="tests.BookingSignIn"/>
  <testcase name="emailExistsTest" time="26.454" classname="tests.BookingSignIn"/>
</testsuite> <!-- tests.BookingSignIn -->
